.CODE
PUSH Method_main@Main # We put main method's tag at the top of the stack
CALL # We jump to main method
HALT # End of program.
malloc: LOADFP
LOADSP
STOREFP
LOADHL
DUP
PUSH 1
ADD
STORE 4
LOAD 3
ADD
STOREHL
STOREFP
RET 1
.DATA
str_empty: DW 0
.DATA
VT@A: DW Method_getX@A,Method_mIf@A,Method_m@A
.CODE

.CODE
Method_getX@A: LOADFP # We store the dynamic link
LOADSP # We signal were the AR starts
STOREFP # We signal the AR being built as the current AR
LOAD 3 # Accessing a dynamic attribute, we put a reference to 'this' at the top of the stack.
LOADREF 1 # We get the variable from the heap through the 'this' reference and its offset
STORE 4 # We save the return value in the space reserved for it
STOREFP # On return: We point FP to caller's AR
RET 1 # On return: We free up memory cells equal to number of params [+1 if unit is dynamic]
STOREFP # We point FP to caller's AR
RET 1 # We free up memory cells equal to number of params [+1 if unit is dynamic]

.CODE
Method_mIf@A: LOADFP # We store the dynamic link
LOADSP # We signal were the AR starts
STOREFP # We signal the AR being built as the current AR
RMEM 2 # Reserving space for block local vars
LOAD 5 # We get the variable x is 1 from the stack through its offset
STORE 0 # We store what's on top of the pile in the stack through localvar's offset
LOAD 4 # We get the variable y is 1 from the stack through its offset
STORE -1 # We store what's on top of the pile in the stack through localvar's offset
LOAD 0 # We get the variable x1 is 2 from the stack through its offset
LOAD -1 # We get the variable x2 is 2 from the stack through its offset
GT
BF else_if_15
RMEM 2 # Reserving space for block local vars
LOAD 0 # We get the variable x1 is 2 from the stack through its offset
LOAD -1 # We get the variable x2 is 2 from the stack through its offset
SUB
PUSH 1
ADD
STORE 6 # We save the return value in the space reserved for it
FMEM 4 # On return: We free the space used by local vars
STOREFP # On return: We point FP to caller's AR
RET 3 # On return: We free up memory cells equal to number of params [+1 if unit is dynamic]
FMEM 2 # Freeing space reserved for block local vars
JUMP out_if_15
else_if_15: NOP
RMEM 3 # Reserving space for block local vars
LOAD 0 # We get the variable x1 is 2 from the stack through its offset
LOAD -1 # We get the variable x2 is 2 from the stack through its offset
SUB
STORE -4 # We store what's on top of the pile in the stack through localvar's offset
LOAD -4 # We get the variable x3 is 2 from the stack through its offset
LOAD -4 # We get the variable x3 is 2 from the stack through its offset
MUL
STORE 6 # We save the return value in the space reserved for it
FMEM 5 # On return: We free the space used by local vars
STOREFP # On return: We point FP to caller's AR
RET 3 # On return: We free up memory cells equal to number of params [+1 if unit is dynamic]
FMEM 3 # Freeing space reserved for block local vars
out_if_15: NOP
FMEM 2 # Freeing space reserved for block local vars
STOREFP # We point FP to caller's AR
RET 3 # We free up memory cells equal to number of params [+1 if unit is dynamic]

.CODE
Method_m@A: LOADFP # We store the dynamic link
LOADSP # We signal were the AR starts
STOREFP # We signal the AR being built as the current AR
RMEM 3 # Reserving space for block local vars
LOAD 4 # We get the variable y is 1 from the stack through its offset
STORE 0 # We store what's on top of the pile in the stack through localvar's offset
LOAD 5 # We get the variable x is 1 from the stack through its offset
STORE -1 # We store what's on top of the pile in the stack through localvar's offset
LOAD 0 # We get the variable x1 is 2 from the stack through its offset
LOAD -1 # We get the variable x2 is 2 from the stack through its offset
SUB
STORE -2 # We store what's on top of the pile in the stack through localvar's offset
FMEM 3 # On return: We free the space used by local vars
STOREFP # On return: We point FP to caller's AR
RET 3 # On return: We free up memory cells equal to number of params [+1 if unit is dynamic]
FMEM 3 # Freeing space reserved for block local vars
STOREFP # We point FP to caller's AR
RET 3 # We free up memory cells equal to number of params [+1 if unit is dynamic]

.CODE
Constructor@A: LOADFP # We store the dynamic link
LOADSP # We signal were the AR starts
STOREFP # We signal the AR being built as the current AR
LOAD 4 # We get the variable init is 1 from the stack through its offset
DUP # duplicating the value to be assigned
LOAD 3 # Accessing a dynamic attribute, we put a reference to 'this' at the top of the stack.
SWAP # We swap the 'this' reference and what we desire to write into the attribute
STOREREF 1 # We write into the heap through the 'this' reference and the offset
POP # Discarding not used return value
STOREFP # We point FP to caller's AR
RET 2 # We free up memory cells equal to number of params [+1 if unit is dynamic]
.DATA
VT@Object: NOP # This class doesnt have any dynamic methods

.CODE
Method_debugPrint@Object: LOADFP # We store the dynamic link
LOADSP # We signal were the AR starts
STOREFP # We signal the AR being built as the current AR
LOAD 3 # We put the parameter i at the top of the stack (offset is hard-coded)
IPRINT # We print the integer we just loaded
PRNLN # We print the carriage return
STOREFP # We point FP to caller's AR
RET 1 # We free up memory cells equal to number of params [+1 if unit is dynamic]

.CODE
Constructor@Object: LOADFP # We store the dynamic link
LOADSP # We signal were the AR starts
STOREFP # We signal the AR being built as the current AR
STOREFP # We point FP to caller's AR
RET 1 # We free up memory cells equal to number of params [+1 if unit is dynamic]
.DATA
VT@String: NOP # This class doesnt have any dynamic methods

.CODE
Constructor@String: LOADFP # We store the dynamic link
LOADSP # We signal were the AR starts
STOREFP # We signal the AR being built as the current AR
LOAD 3
PUSH str_empty # We put the empty String tag at the top of the stack
STOREREF 1 # We link the 'fake attribute' to the empty string tag (attribute is hardcoded)
STOREFP # We point FP to caller's AR
RET 1 # We free up memory cells equal to number of params [+1 if unit is dynamic]
.DATA
VT@Main: NOP # This class doesnt have any dynamic methods

.CODE
Method_method@Main: LOADFP # We store the dynamic link
LOADSP # We signal were the AR starts
STOREFP # We signal the AR being built as the current AR
RMEM 3 # Reserving space for block local vars
LOAD 3 # We get the variable y is 1 from the stack through its offset
STORE 0 # We store what's on top of the pile in the stack through localvar's offset
LOAD 4 # We get the variable x is 1 from the stack through its offset
STORE -1 # We store what's on top of the pile in the stack through localvar's offset
LOAD 0 # We get the variable x1 is 2 from the stack through its offset
LOAD -1 # We get the variable x2 is 2 from the stack through its offset
SUB
STORE -2 # We store what's on top of the pile in the stack through localvar's offset
FMEM 3 # Freeing space reserved for block local vars
STOREFP # We point FP to caller's AR
RET 2 # We free up memory cells equal to number of params [+1 if unit is dynamic]

.CODE
Method_main@Main: LOADFP # We store the dynamic link
LOADSP # We signal were the AR starts
STOREFP # We signal the AR being built as the current AR
RMEM 5 # Reserving space for block local vars
RMEM 1 # We reserve a memory cell to store the pointer to the constructed object
PUSH 2 # We load malloc's parameter: the number of cells to reserve for the constructed object
PUSH malloc # We put malloc's tag on top of the stack
CALL # We make the call
DUP # We duplicate malloc's return so we don't lose it on our next instr.
PUSH VT@A # We push the VTable's tag so we can link it to the CIR.
STOREREF 0 # We store the reference (tag) to the VTable in the CIR of the constructed object (the offset is hard-coded)
DUP # We duplicate malloc's return and we use it as the 'this' reference for the constructor
PUSH 1
SWAP  # We swap to keep the 'this' reference at the top of the stack
PUSH Constructor@A # We put the constructor's tag on top of the stack
CALL # We make the call
STORE 0 # We store what's on top of the pile in the stack through localvar's offset
LOAD 0 # We get the variable a is 2 from the stack through its offset
RMEM 1 # We reserve a memory cell for the method's return value
SWAP  # We swap to keep the 'this' reference at the top of the stack
DUP # We duplicate the 'this' reference so we don't lose it when it's used by LOADREF
LOADREF 0 # We load the VTable (VTable offset is always 0)
LOADREF 0 # We load the method's address through the VTable.
CALL # We make the call.
STORE -1 # We store what's on top of the pile in the stack through localvar's offset
LOAD 0 # We get the variable a is 2 from the stack through its offset
PUSH 1
SWAP  # We swap to keep the 'this' reference at the top of the stack
PUSH 2
SWAP  # We swap to keep the 'this' reference at the top of the stack
DUP # We duplicate the 'this' reference so we don't lose it when it's used by LOADREF
LOADREF 0 # We load the VTable (VTable offset is always 0)
LOADREF 2 # We load the method's address through the VTable.
CALL # We make the call.
RMEM 1 # We reserve a memory cell for the method's return value
PUSH Method_getTwo@Main # We push the static method's tag to the top of the stack
CALL # We make the call.
STORE -2 # We store what's on top of the pile in the stack through localvar's offset
PUSH 3
PUSH 4
PUSH Method_method@Main # We push the static method's tag to the top of the stack
CALL # We make the call.
LOAD 0 # We get the variable a is 2 from the stack through its offset
RMEM 1 # We reserve a memory cell for the method's return value
SWAP  # We swap to keep the 'this' reference at the top of the stack
PUSH 2
SWAP  # We swap to keep the 'this' reference at the top of the stack
PUSH 4
SWAP  # We swap to keep the 'this' reference at the top of the stack
DUP # We duplicate the 'this' reference so we don't lose it when it's used by LOADREF
LOADREF 0 # We load the VTable (VTable offset is always 0)
LOADREF 1 # We load the method's address through the VTable.
CALL # We make the call.
STORE -3 # We store what's on top of the pile in the stack through localvar's offset
LOAD 0 # We get the variable a is 2 from the stack through its offset
RMEM 1 # We reserve a memory cell for the method's return value
SWAP  # We swap to keep the 'this' reference at the top of the stack
PUSH 4
SWAP  # We swap to keep the 'this' reference at the top of the stack
PUSH 2
SWAP  # We swap to keep the 'this' reference at the top of the stack
DUP # We duplicate the 'this' reference so we don't lose it when it's used by LOADREF
LOADREF 0 # We load the VTable (VTable offset is always 0)
LOADREF 1 # We load the method's address through the VTable.
CALL # We make the call.
STORE -4 # We store what's on top of the pile in the stack through localvar's offset
LOAD -1 # We get the variable p1 is 2 from the stack through its offset
PUSH Method_debugPrint@Object # We push the static method's tag to the top of the stack
CALL # We make the call.
LOAD -2 # We get the variable p2 is 2 from the stack through its offset
PUSH Method_debugPrint@Object # We push the static method's tag to the top of the stack
CALL # We make the call.
LOAD -3 # We get the variable p3 is 2 from the stack through its offset
PUSH Method_debugPrint@Object # We push the static method's tag to the top of the stack
CALL # We make the call.
LOAD -4 # We get the variable p4 is 2 from the stack through its offset
PUSH Method_debugPrint@Object # We push the static method's tag to the top of the stack
CALL # We make the call.
FMEM 5 # Freeing space reserved for block local vars
STOREFP # We point FP to caller's AR
RET 0 # We free up memory cells equal to number of params [+1 if unit is dynamic]

.CODE
Method_getTwo@Main: LOADFP # We store the dynamic link
LOADSP # We signal were the AR starts
STOREFP # We signal the AR being built as the current AR
PUSH 2
STORE 3 # We save the return value in the space reserved for it
STOREFP # On return: We point FP to caller's AR
RET 0 # On return: We free up memory cells equal to number of params [+1 if unit is dynamic]
STOREFP # We point FP to caller's AR
RET 0 # We free up memory cells equal to number of params [+1 if unit is dynamic]

.CODE
Constructor@Main: LOADFP # We store the dynamic link
LOADSP # We signal were the AR starts
STOREFP # We signal the AR being built as the current AR
STOREFP # We point FP to caller's AR
RET 1 # We free up memory cells equal to number of params [+1 if unit is dynamic]
.DATA
VT@System: NOP # This class doesnt have any dynamic methods

.CODE
Method_printC@System: LOADFP # We store the dynamic link
LOADSP # We signal were the AR starts
STOREFP # We signal the AR being built as the current AR
LOAD 3 # We put the parameter i at the top of the stack (offset is hard-coded)
CPRINT # We print the char we just loaded
STOREFP # We point FP to caller's AR
RET 1 # We free up memory cells equal to number of params [+1 if unit is dynamic]

.CODE
Method_printS@System: LOADFP # We store the dynamic link
LOADSP # We signal were the AR starts
STOREFP # We signal the AR being built as the current AR
LOAD 3 # We put the parameter i at the top of the stack (offset is hard-coded)
LOADREF 1 # We load the 'fake attribute' through the this reference and the offset (hardcoded)
SPRINT # We print the string we just loaded
STOREFP # We point FP to caller's AR
RET 1 # We free up memory cells equal to number of params [+1 if unit is dynamic]

.CODE
Method_println@System: LOADFP # We store the dynamic link
LOADSP # We signal were the AR starts
STOREFP # We signal the AR being built as the current AR
PRNLN # We print the carriage return
STOREFP # We point FP to caller's AR
RET 0 # We free up memory cells equal to number of params [+1 if unit is dynamic]

.CODE
Method_printCln@System: LOADFP # We store the dynamic link
LOADSP # We signal were the AR starts
STOREFP # We signal the AR being built as the current AR
LOAD 3 # We put the parameter i at the top of the stack (offset is hard-coded)
CPRINT # We print the char we just loaded
PRNLN # We print the carriage return
STOREFP # We point FP to caller's AR
RET 1 # We free up memory cells equal to number of params [+1 if unit is dynamic]

.CODE
Method_printSln@System: LOADFP # We store the dynamic link
LOADSP # We signal were the AR starts
STOREFP # We signal the AR being built as the current AR
LOAD 3 # We put the parameter i at the top of the stack (offset is hard-coded)
LOADREF 1 # We load the 'fake attribute' of string that has the pointer to data
SPRINT # We print the String we just loaded
PRNLN # We print the carriage return
STOREFP # We point FP to caller's AR
RET 1 # We free up memory cells equal to number of params [+1 if unit is dynamic]

.CODE
Method_read@System: LOADFP # We store the dynamic link
LOADSP # We signal were the AR starts
STOREFP # We signal the AR being built as the current AR
READ # We read the next integer value on the input stream.
PUSH 48 # We push 48 because the integer 0 is represented by the char number 48 in the ASCII table
SUB # We subtract that 'ASCII Offset' to get the real number
STORE 3 # We save the return value in the space reserved for it (offset is hard-coded)
STOREFP # We point FP to caller's AR
RET 0 # We free up memory cells equal to number of params [+1 if unit is dynamic]

.CODE
Method_printB@System: LOADFP # We store the dynamic link
LOADSP # We signal were the AR starts
STOREFP # We signal the AR being built as the current AR
LOAD 3 # We put the parameter i at the top of the stack (offset is hard-coded)
BPRINT # We print the boolean we just loaded
STOREFP # We point FP to caller's AR
RET 1 # We free up memory cells equal to number of params [+1 if unit is dynamic]

.CODE
Method_printIln@System: LOADFP # We store the dynamic link
LOADSP # We signal were the AR starts
STOREFP # We signal the AR being built as the current AR
LOAD 3 # We put the parameter i at the top of the stack (offset is hard-coded)
IPRINT # We print the integer we just loaded
PRNLN # We print the carriage return
STOREFP # We point FP to caller's AR
RET 1 # We free up memory cells equal to number of params [+1 if unit is dynamic]

.CODE
Method_printI@System: LOADFP # We store the dynamic link
LOADSP # We signal were the AR starts
STOREFP # We signal the AR being built as the current AR
LOAD 3 # We put the parameter i at the top of the stack (offset is hard-coded)
IPRINT # We print the integer we just loaded
STOREFP # We point FP to caller's AR
RET 1 # We free up memory cells equal to number of params [+1 if unit is dynamic]

.CODE
Method_printBln@System: LOADFP # We store the dynamic link
LOADSP # We signal were the AR starts
STOREFP # We signal the AR being built as the current AR
LOAD 3 # We put the parameter i at the top of the stack (offset is hard-coded)
BPRINT # We print the boolean we just loaded
PRNLN # We print the carriage return
STOREFP # We point FP to caller's AR
RET 1 # We free up memory cells equal to number of params [+1 if unit is dynamic]

.CODE
Constructor@System: LOADFP # We store the dynamic link
LOADSP # We signal were the AR starts
STOREFP # We signal the AR being built as the current AR
STOREFP # We point FP to caller's AR
RET 1 # We free up memory cells equal to number of params [+1 if unit is dynamic]
