.CODE
PUSH Method_main@Main # We put main method's tag at the top of the stack
CALL # We jump to main method
HALT # End of program.
malloc: LOADFP
LOADSP
STOREFP
LOADHL
DUP
PUSH 1
ADD
STORE 4
LOAD 3
ADD
STOREHL
STOREFP
RET 1
.DATA
str_empty: DW 0
.DATA
VT@A: NOP # This class doesnt have any dynamic methods

.CODE
Constructor@A: LOADFP # We store the dynamic link
LOADSP # We signal were the AR starts
STOREFP # We signal the AR being built as the current AR
STOREFP # We point FP to caller's AR
RET 1 # We free up memory cells equal to number of params [+1 if unit is dynamic]
.DATA
VT@Object: NOP # This class doesnt have any dynamic methods

.CODE
Method_debugPrint@Object: LOADFP # We store the dynamic link
LOADSP # We signal were the AR starts
STOREFP # We signal the AR being built as the current AR
LOAD 3 # We put the parameter i at the top of the stack (offset is hard-coded)
IPRINT # We print the integer we just loaded
PRNLN # We print the carriage return
STOREFP # We point FP to caller's AR
RET 1 # We free up memory cells equal to number of params [+1 if unit is dynamic]

.CODE
Constructor@Object: LOADFP # We store the dynamic link
LOADSP # We signal were the AR starts
STOREFP # We signal the AR being built as the current AR
STOREFP # We point FP to caller's AR
RET 1 # We free up memory cells equal to number of params [+1 if unit is dynamic]
.DATA
VT@String: NOP # This class doesnt have any dynamic methods

.CODE
Constructor@String: LOADFP # We store the dynamic link
LOADSP # We signal were the AR starts
STOREFP # We signal the AR being built as the current AR
LOAD 3
PUSH str_empty # We put the empty String tag at the top of the stack
STOREREF 1 # We link the 'fake attribute' to the empty string tag (attribute is hardcoded)
STOREFP # We point FP to caller's AR
RET 1 # We free up memory cells equal to number of params [+1 if unit is dynamic]
.DATA
VT@Main: NOP # This class doesnt have any dynamic methods
.DATA
Attribute_a@Main: DW 0
Attribute_b@Main: DW 0
Attribute_c@Main: DW 0
Attribute_d@Main: DW 0

.CODE
Method_method@Main: LOADFP # We store the dynamic link
LOADSP # We signal were the AR starts
STOREFP # We signal the AR being built as the current AR
RMEM 2 # Reserving space for block local vars
RMEM 1 # We reserve a memory cell to store the pointer to the constructed object
PUSH 2 # We load malloc's parameter: the number of cells to reserve for the constructed object
PUSH malloc # We put malloc's tag on top of the stack
CALL # We make the call
DUP # We duplicate malloc's return so we don't lose it on our next instr.
PUSH VT@A # We push the VTable's tag so we can link it to the CIR.
STOREREF 0 # We store the reference (tag) to the VTable in the CIR of the constructed object (the offset is hard-coded)
DUP # We duplicate malloc's return and we use it as the 'this' reference for the constructor
PUSH Constructor@A # We put the constructor's tag on top of the stack
CALL # We make the call
STORE 0 # We store what's on top of the pile in the stack through localvar's offset
RMEM 1 # We reserve a memory cell to store the pointer to the constructed object
PUSH 2 # We load malloc's parameter: the number of cells to reserve for the constructed object
PUSH malloc # We put malloc's tag on top of the stack
CALL # We make the call
DUP # We duplicate malloc's return so we don't lose it on our next instr.
PUSH VT@A # We push the VTable's tag so we can link it to the CIR.
STOREREF 0 # We store the reference (tag) to the VTable in the CIR of the constructed object (the offset is hard-coded)
DUP # We duplicate malloc's return and we use it as the 'this' reference for the constructor
PUSH Constructor@A # We put the constructor's tag on top of the stack
CALL # We make the call
STORE -1 # We store what's on top of the pile in the stack through localvar's offset
PUSH 2
DUP # duplicating the value to be assigned
LOAD -1 # We get the variable a2 is 2 from the stack through its offset
SWAP # We swap the 'this' reference and what we desire to write into the attribute
STOREREF 1 # We write into the heap through the 'this' reference and the offset
DUP # duplicating the value to be assigned
LOAD 0 # We get the variable a1 is 2 from the stack through its offset
SWAP # We swap the 'this' reference and what we desire to write into the attribute
STOREREF 1 # We write into the heap through the 'this' reference and the offset
POP # Discarding not used return value
LOAD 0 # We get the variable a1 is 2 from the stack through its offset
LOADREF 1 # We get the variable from the heap through the 'this' reference and its offset
PUSH Method_debugPrint@Object # We push the static method's tag to the top of the stack
CALL # We make the call.
LOAD -1 # We get the variable a2 is 2 from the stack through its offset
LOADREF 1 # We get the variable from the heap through the 'this' reference and its offset
PUSH Method_debugPrint@Object # We push the static method's tag to the top of the stack
CALL # We make the call.
FMEM 2 # Freeing space reserved for block local vars
STOREFP # We point FP to caller's AR
RET 0 # We free up memory cells equal to number of params [+1 if unit is dynamic]

.CODE
Method_colateral@Main: LOADFP # We store the dynamic link
LOADSP # We signal were the AR starts
STOREFP # We signal the AR being built as the current AR
RMEM 2 # Reserving space for block local vars
PUSH 3
STORE 0 # We store what's on top of the pile in the stack through localvar's offset
PUSH 5
DUP # duplicating the value to be assigned
STORE 0 # We write into the variable in the stack, through its offset
PUSH 3
GT
STORE -1 # We store what's on top of the pile in the stack through localvar's offset
LOAD -1 # We get the variable x is 2 from the stack through its offset
PUSH Method_printBln@System # We push the static method's tag to the top of the stack
CALL # We make the call.
FMEM 2 # Freeing space reserved for block local vars
STOREFP # We point FP to caller's AR
RET 0 # We free up memory cells equal to number of params [+1 if unit is dynamic]

.CODE
Method_main@Main: LOADFP # We store the dynamic link
LOADSP # We signal were the AR starts
STOREFP # We signal the AR being built as the current AR
PUSH 1
DUP # duplicating the value to be assigned
PUSH Attribute_d@Main # We put the static attribute's tag at the top of the stack
SWAP # We swap the tag and what we desire to write into the attribute
STOREREF 0 # We write into the data through the tag
DUP # duplicating the value to be assigned
PUSH Attribute_c@Main # We put the static attribute's tag at the top of the stack
SWAP # We swap the tag and what we desire to write into the attribute
STOREREF 0 # We write into the data through the tag
DUP # duplicating the value to be assigned
PUSH Attribute_b@Main # We put the static attribute's tag at the top of the stack
SWAP # We swap the tag and what we desire to write into the attribute
STOREREF 0 # We write into the data through the tag
DUP # duplicating the value to be assigned
PUSH Attribute_a@Main # We put the static attribute's tag at the top of the stack
SWAP # We swap the tag and what we desire to write into the attribute
STOREREF 0 # We write into the data through the tag
POP # Discarding not used return value
PUSH Attribute_a@Main # We put the static attribute's tag at the top of the stack
LOADREF 0 # We read the attributes value from the data using the tag
PUSH Method_printIln@System # We push the static method's tag to the top of the stack
CALL # We make the call.
PUSH Attribute_b@Main # We put the static attribute's tag at the top of the stack
LOADREF 0 # We read the attributes value from the data using the tag
PUSH Method_printIln@System # We push the static method's tag to the top of the stack
CALL # We make the call.
PUSH Attribute_c@Main # We put the static attribute's tag at the top of the stack
LOADREF 0 # We read the attributes value from the data using the tag
PUSH Method_printIln@System # We push the static method's tag to the top of the stack
CALL # We make the call.
PUSH Attribute_d@Main # We put the static attribute's tag at the top of the stack
LOADREF 0 # We read the attributes value from the data using the tag
PUSH Method_printIln@System # We push the static method's tag to the top of the stack
CALL # We make the call.
PUSH Method_method@Main # We push the static method's tag to the top of the stack
CALL # We make the call.
PUSH Method_colateral@Main # We push the static method's tag to the top of the stack
CALL # We make the call.
STOREFP # We point FP to caller's AR
RET 0 # We free up memory cells equal to number of params [+1 if unit is dynamic]

.CODE
Constructor@Main: LOADFP # We store the dynamic link
LOADSP # We signal were the AR starts
STOREFP # We signal the AR being built as the current AR
STOREFP # We point FP to caller's AR
RET 1 # We free up memory cells equal to number of params [+1 if unit is dynamic]
.DATA
VT@System: NOP # This class doesnt have any dynamic methods

.CODE
Method_printC@System: LOADFP # We store the dynamic link
LOADSP # We signal were the AR starts
STOREFP # We signal the AR being built as the current AR
LOAD 3 # We put the parameter i at the top of the stack (offset is hard-coded)
CPRINT # We print the char we just loaded
STOREFP # We point FP to caller's AR
RET 1 # We free up memory cells equal to number of params [+1 if unit is dynamic]

.CODE
Method_printS@System: LOADFP # We store the dynamic link
LOADSP # We signal were the AR starts
STOREFP # We signal the AR being built as the current AR
LOAD 3 # We put the parameter i at the top of the stack (offset is hard-coded)
LOADREF 1 # We load the 'fake attribute' through the this reference and the offset (hardcoded)
SPRINT # We print the string we just loaded
STOREFP # We point FP to caller's AR
RET 1 # We free up memory cells equal to number of params [+1 if unit is dynamic]

.CODE
Method_println@System: LOADFP # We store the dynamic link
LOADSP # We signal were the AR starts
STOREFP # We signal the AR being built as the current AR
PRNLN # We print the carriage return
STOREFP # We point FP to caller's AR
RET 0 # We free up memory cells equal to number of params [+1 if unit is dynamic]

.CODE
Method_printCln@System: LOADFP # We store the dynamic link
LOADSP # We signal were the AR starts
STOREFP # We signal the AR being built as the current AR
LOAD 3 # We put the parameter i at the top of the stack (offset is hard-coded)
CPRINT # We print the char we just loaded
PRNLN # We print the carriage return
STOREFP # We point FP to caller's AR
RET 1 # We free up memory cells equal to number of params [+1 if unit is dynamic]

.CODE
Method_printSln@System: LOADFP # We store the dynamic link
LOADSP # We signal were the AR starts
STOREFP # We signal the AR being built as the current AR
LOAD 3 # We put the parameter i at the top of the stack (offset is hard-coded)
LOADREF 1 # We load the 'fake attribute' of string that has the pointer to data
SPRINT # We print the String we just loaded
PRNLN # We print the carriage return
STOREFP # We point FP to caller's AR
RET 1 # We free up memory cells equal to number of params [+1 if unit is dynamic]

.CODE
Method_read@System: LOADFP # We store the dynamic link
LOADSP # We signal were the AR starts
STOREFP # We signal the AR being built as the current AR
READ # We read the next integer value on the input stream.
PUSH 48 # We push 48 because the integer 0 is represented by the char number 48 in the ASCII table
SUB # We subtract that 'ASCII Offset' to get the real number
STORE 3 # We save the return value in the space reserved for it (offset is hard-coded)
STOREFP # We point FP to caller's AR
RET 0 # We free up memory cells equal to number of params [+1 if unit is dynamic]

.CODE
Method_printB@System: LOADFP # We store the dynamic link
LOADSP # We signal were the AR starts
STOREFP # We signal the AR being built as the current AR
LOAD 3 # We put the parameter i at the top of the stack (offset is hard-coded)
BPRINT # We print the boolean we just loaded
STOREFP # We point FP to caller's AR
RET 1 # We free up memory cells equal to number of params [+1 if unit is dynamic]

.CODE
Method_printIln@System: LOADFP # We store the dynamic link
LOADSP # We signal were the AR starts
STOREFP # We signal the AR being built as the current AR
LOAD 3 # We put the parameter i at the top of the stack (offset is hard-coded)
IPRINT # We print the integer we just loaded
PRNLN # We print the carriage return
STOREFP # We point FP to caller's AR
RET 1 # We free up memory cells equal to number of params [+1 if unit is dynamic]

.CODE
Method_printI@System: LOADFP # We store the dynamic link
LOADSP # We signal were the AR starts
STOREFP # We signal the AR being built as the current AR
LOAD 3 # We put the parameter i at the top of the stack (offset is hard-coded)
IPRINT # We print the integer we just loaded
STOREFP # We point FP to caller's AR
RET 1 # We free up memory cells equal to number of params [+1 if unit is dynamic]

.CODE
Method_printBln@System: LOADFP # We store the dynamic link
LOADSP # We signal were the AR starts
STOREFP # We signal the AR being built as the current AR
LOAD 3 # We put the parameter i at the top of the stack (offset is hard-coded)
BPRINT # We print the boolean we just loaded
PRNLN # We print the carriage return
STOREFP # We point FP to caller's AR
RET 1 # We free up memory cells equal to number of params [+1 if unit is dynamic]

.CODE
Constructor@System: LOADFP # We store the dynamic link
LOADSP # We signal were the AR starts
STOREFP # We signal the AR being built as the current AR
STOREFP # We point FP to caller's AR
RET 1 # We free up memory cells equal to number of params [+1 if unit is dynamic]
